[     239ms] [INFO] %cDownload the React DevTools for a better development experience: https://react.dev/link/react-devtools font-weight:bold @ http://localhost:8080/_next/static/chunks/node_modules_next_dist_115brz8._.js:2477
[     353ms] [LOG] [HMR] connected @ http://localhost:8080/_next/static/chunks/node_modules_next_dist_115brz8._.js:2477
[     475ms] [LOG] [Fast Refresh] rebuilding @ http://localhost:8080/_next/static/chunks/node_modules_next_dist_115brz8._.js:2477
[     497ms] [LOG] [Fast Refresh] done in 121ms @ http://localhost:8080/_next/static/chunks/node_modules_next_dist_115brz8._.js:2477
[     790ms] Error: `runSync` finished async. Use `run` instead
    at assertDone (http://localhost:8080/_next/static/chunks/node_modules_0nc9~db._.js:16017:15)
    at apply.runSync (http://localhost:8080/_next/static/chunks/node_modules_0nc9~db._.js:15758:9)
    at Markdown (http://localhost:8080/_next/static/chunks/node_modules_0nc9~db._.js:16257:27)
    at Object.react_stack_bottom_frame (http://localhost:8080/_next/static/chunks/node_modules_next_dist_compiled_react-dom_058-ah~._.js:15037:24)
    at renderWithHooks (http://localhost:8080/_next/static/chunks/node_modules_next_dist_compiled_react-dom_058-ah~._.js:4620:24)
    at updateFunctionComponent (http://localhost:8080/_next/static/chunks/node_modules_next_dist_compiled_react-dom_058-ah~._.js:6081:21)
    at beginWork (http://localhost:8080/_next/static/chunks/node_modules_next_dist_compiled_react-dom_058-ah~._.js:6691:24)
    at runWithFiberInDEV (http://localhost:8080/_next/static/chunks/node_modules_next_dist_compiled_react-dom_058-ah~._.js:965:74)
    at performUnitOfWork (http://localhost:8080/_next/static/chunks/node_modules_next_dist_compiled_react-dom_058-ah~._.js:9555:97)
    at workLoopSync (http://localhost:8080/_next/static/chunks/node_modules_next_dist_compiled_react-dom_058-ah~._.js:9449:40)
    at renderRootSync (http://localhost:8080/_next/static/chunks/node_modules_next_dist_compiled_react-dom_058-ah~._.js:9433:13)
    at performWorkOnRoot (http://localhost:8080/_next/static/chunks/node_modules_next_dist_compiled_react-dom_058-ah~._.js:9098:47)
    at performWorkOnRootViaSchedulerTask (http://localhost:8080/_next/static/chunks/node_modules_next_dist_compiled_react-dom_058-ah~._.js:10255:9)
    at MessagePort.performWorkUntilDeadline (http://localhost:8080/_next/static/chunks/node_modules_next_dist_compiled_0rpq4pf._.js:2647:64)
[     862ms] ShikiError: Language `svg` is not included in this bundle. You may want to load it from external source.
    at resolveLang (http://localhost:8080/_next/static/chunks/node_modules_%40shikijs_094vyia._.js:5630:36)
    at Array.map (<anonymous>)
    at Object.loadLanguage (http://localhost:8080/_next/static/chunks/node_modules_%40shikijs_094vyia._.js:5655:51)
    at getSingletonHighlighter (http://localhost:8080/_next/static/chunks/node_modules_%40shikijs_094vyia._.js:5682:19)
    at async http://localhost:8080/_next/static/chunks/node_modules_%40shikijs_094vyia._.js:3978:17
[     862ms] ShikiError: Language `svg` is not included in this bundle. You may want to load it from external source.
    at resolveLang (http://localhost:8080/_next/static/chunks/node_modules_%40shikijs_094vyia._.js:5630:36)
    at Array.map (<anonymous>)
    at Object.loadLanguage (http://localhost:8080/_next/static/chunks/node_modules_%40shikijs_094vyia._.js:5655:51)
    at getSingletonHighlighter (http://localhost:8080/_next/static/chunks/node_modules_%40shikijs_094vyia._.js:5689:19)
    at async http://localhost:8080/_next/static/chunks/node_modules_%40shikijs_094vyia._.js:3978:17
[  110884ms] [LOG] [Fast Refresh] rebuilding @ http://localhost:8080/_next/static/chunks/node_modules_next_dist_115brz8._.js:2477
[  112535ms] [ERROR] ./src/components/markdown-renderer.tsx:7:1
Module not found: Can't resolve '@shikijs/rehype'
   5 | import rehypeSlug from "rehype-slug";
   6 | import rehypeAutolinkHeadings from "rehype-autolink-headings";
>  7 | import rehypeShiki from "@shikijs/rehype";
     | ^^^^^^^^^^^^^^^^^^^^^^^^^^^^^^^^^^^^^^^^^^
   8 |
   9 | const LANGUAGES = [
  10 |   "ts", "tsx", "js", "jsx", "mjs", "cjs",

Import traces:
  Client Component Browser:
    ./src/components/markdown-renderer.tsx [Client Component Browser]
    ./src/app/docs/page.tsx [Client Component Browser]
    ./src/app/docs/page.tsx [Server Component]

  Client Component SSR:
    ./src/components/markdown-renderer.tsx [Client Component SSR]
    ./src/app/docs/page.tsx [Client Component SSR]
    ./src/app/docs/page.tsx [Server Component]

https://nextjs.org/docs/messages/module-not-found @ http://localhost:8080/_next/static/chunks/node_modules_next_dist_115brz8._.js:3318
[  112557ms] [ERROR] Failed to load resource: the server responded with a status of 500 (Internal Server Error) @ http://localhost:8080/docs?file=codegraph-guide.md:0
[  112681ms] [INFO] %cDownload the React DevTools for a better development experience: https://react.dev/link/react-devtools font-weight:bold @ http://localhost:8080/_next/static/chunks/node_modules_react-dom_0bruynb._.js:15305
[  112753ms] Error: ./src/components/markdown-renderer.tsx:7:1
Module not found: Can't resolve '@shikijs/rehype'
   5 | import rehypeSlug from "rehype-slug";
   6 | import rehypeAutolinkHeadings from "rehype-autolink-headings";
>  7 | import rehypeShiki from "@shikijs/rehype";
     | ^^^^^^^^^^^^^^^^^^^^^^^^^^^^^^^^^^^^^^^^^^
   8 |
   9 | const LANGUAGES = [
  10 |   "ts", "tsx", "js", "jsx", "mjs", "cjs",



Import traces:
  Client Component Browser:
    ./src/components/markdown-renderer.tsx [Client Component Browser]
    ./src/app/docs/page.tsx [Client Component Browser]
    ./src/app/docs/page.tsx [Server Component]

  Client Component SSR:
    ./src/components/markdown-renderer.tsx [Client Component SSR]
    ./src/app/docs/page.tsx [Client Component SSR]
    ./src/app/docs/page.tsx [Server Component]

https://nextjs.org/docs/messages/module-not-found


    at <unknown> (Error: ./src/components/markdown-renderer.tsx:7:1)
    at <unknown> (https://nextjs.org/docs/messages/module-not-found)
    at Object.getCompilationErrors (file:///home/ppzhu/Project/skills-center/node_modules/next/dist/server/dev/hot-reloader-turbopack.js:1186:59)
    at DevBundlerService.getCompilationError (file:///home/ppzhu/Project/skills-center/node_modules/next/dist/server/lib/dev-bundler-service.js:44:55)
    at DevServer.getCompilationError (file:///home/ppzhu/Project/skills-center/node_modules/next/dist/server/dev/next-dev-server.js:720:42)
    at DevServer.findPageComponents (file:///home/ppzhu/Project/skills-center/node_modules/next/dist/server/dev/next-dev-server.js:690:43)
    at async DevServer.renderErrorToResponseImpl (file:///home/ppzhu/Project/skills-center/node_modules/next/dist/server/base-server.js:1753:26)
[  112755ms] [LOG] [HMR] connected @ http://localhost:8080/_next/static/chunks/node_modules_next_dist_0u_w_5s._.js:1226
[  112759ms] [ERROR] ./src/components/markdown-renderer.tsx:7:1
Module not found: Can't resolve '@shikijs/rehype'
   5 | import rehypeSlug from "rehype-slug";
   6 | import rehypeAutolinkHeadings from "rehype-autolink-headings";
>  7 | import rehypeShiki from "@shikijs/rehype";
     | ^^^^^^^^^^^^^^^^^^^^^^^^^^^^^^^^^^^^^^^^^^
   8 |
   9 | const LANGUAGES = [
  10 |   "ts", "tsx", "js", "jsx", "mjs", "cjs",

Import traces:
  Client Component Browser:
    ./src/components/markdown-renderer.tsx [Client Component Browser]
    ./src/app/docs/page.tsx [Client Component Browser]
    ./src/app/docs/page.tsx [Server Component]

  Client Component SSR:
    ./src/components/markdown-renderer.tsx [Client Component SSR]
    ./src/app/docs/page.tsx [Client Component SSR]
    ./src/app/docs/page.tsx [Server Component]

https://nextjs.org/docs/messages/module-not-found @ http://localhost:8080/_next/static/chunks/node_modules_next_dist_0u_w_5s._.js:1945
[  112863ms] [ERROR] ./src/components/markdown-renderer.tsx:7:1
Module not found: Can't resolve '@shikijs/rehype'
   5 | import rehypeSlug from "rehype-slug";
   6 | import rehypeAutolinkHeadings from "rehype-autolink-headings";
>  7 | import rehypeShiki from "@shikijs/rehype";
     | ^^^^^^^^^^^^^^^^^^^^^^^^^^^^^^^^^^^^^^^^^^
   8 |
   9 | const LANGUAGES = [
  10 |   "ts", "tsx", "js", "jsx", "mjs", "cjs",

Import traces:
  Client Component Browser:
    ./src/components/markdown-renderer.tsx [Client Component Browser]
    ./src/app/docs/page.tsx [Client Component Browser]
    ./src/app/docs/page.tsx [Server Component]

  Client Component SSR:
    ./src/components/markdown-renderer.tsx [Client Component SSR]
    ./src/app/docs/page.tsx [Client Component SSR]
    ./src/app/docs/page.tsx [Server Component]

https://nextjs.org/docs/messages/module-not-found @ http://localhost:8080/_next/static/chunks/node_modules_next_dist_0u_w_5s._.js:1945
[  112886ms] [LOG] [Fast Refresh] rebuilding @ http://localhost:8080/_next/static/chunks/node_modules_next_dist_0u_w_5s._.js:1226
[  118121ms] [ERROR] ./src/components/markdown-renderer.tsx:7:1
Module not found: Can't resolve '@shikijs/rehype'
   5 | import rehypeSlug from "rehype-slug";
   6 | import rehypeAutolinkHeadings from "rehype-autolink-headings";
>  7 | import rehypeShiki from "@shikijs/rehype";
     | ^^^^^^^^^^^^^^^^^^^^^^^^^^^^^^^^^^^^^^^^^^
   8 |
   9 | const LANGUAGES = [
  10 |   "ts", "tsx", "js", "jsx", "mjs", "cjs",

Import traces:
  Client Component Browser:
    ./src/components/markdown-renderer.tsx [Client Component Browser]
    ./src/app/docs/page.tsx [Client Component Browser]
    ./src/app/docs/page.tsx [Server Component]

  Client Component SSR:
    ./src/components/markdown-renderer.tsx [Client Component SSR]
    ./src/app/docs/page.tsx [Client Component SSR]
    ./src/app/docs/page.tsx [Server Component]

https://nextjs.org/docs/messages/module-not-found @ http://localhost:8080/_next/static/chunks/node_modules_next_dist_0u_w_5s._.js:1945
[  118173ms] [LOG] [Fast Refresh] rebuilding @ http://localhost:8080/_next/static/chunks/node_modules_next_dist_0u_w_5s._.js:1226
[  118898ms] [ERROR] ./src/components/markdown-renderer.tsx:7:1
Module not found: Can't resolve '@shikijs/rehype'
   5 | import rehypeSlug from "rehype-slug";
   6 | import rehypeAutolinkHeadings from "rehype-autolink-headings";
>  7 | import rehypeShiki from "@shikijs/rehype";
     | ^^^^^^^^^^^^^^^^^^^^^^^^^^^^^^^^^^^^^^^^^^
   8 |
   9 | const LANGUAGES = [
  10 |   "ts", "tsx", "js", "jsx", "mjs", "cjs",

Import traces:
  Client Component Browser:
    ./src/components/markdown-renderer.tsx [Client Component Browser]
    ./src/app/docs/page.tsx [Client Component Browser]
    ./src/app/docs/page.tsx [Server Component]

  Client Component SSR:
    ./src/components/markdown-renderer.tsx [Client Component SSR]
    ./src/app/docs/page.tsx [Client Component SSR]
    ./src/app/docs/page.tsx [Server Component]

https://nextjs.org/docs/messages/module-not-found @ http://localhost:8080/_next/static/chunks/node_modules_next_dist_0u_w_5s._.js:1945
[  118943ms] [LOG] [Fast Refresh] rebuilding @ http://localhost:8080/_next/static/chunks/node_modules_next_dist_0u_w_5s._.js:1226
[  136295ms] [ERROR] ./src/components/markdown-renderer.tsx:7:1
Module not found: Can't resolve '@shikijs/rehype'
   5 | import rehypeSlug from "rehype-slug";
   6 | import rehypeAutolinkHeadings from "rehype-autolink-headings";
>  7 | import rehypeShiki from "@shikijs/rehype";
     | ^^^^^^^^^^^^^^^^^^^^^^^^^^^^^^^^^^^^^^^^^^
   8 |
   9 | const LANGUAGES = [
  10 |   "ts", "tsx", "js", "jsx", "mjs", "cjs",

Import traces:
  Client Component Browser:
    ./src/components/markdown-renderer.tsx [Client Component Browser]
    ./src/app/docs/page.tsx [Client Component Browser]
    ./src/app/docs/page.tsx [Server Component]

  Client Component SSR:
    ./src/components/markdown-renderer.tsx [Client Component SSR]
    ./src/app/docs/page.tsx [Client Component SSR]
    ./src/app/docs/page.tsx [Server Component]

https://nextjs.org/docs/messages/module-not-found @ http://localhost:8080/_next/static/chunks/node_modules_next_dist_0u_w_5s._.js:1945
[  136396ms] [LOG] [Fast Refresh] rebuilding @ http://localhost:8080/_next/static/chunks/node_modules_next_dist_0u_w_5s._.js:1226
[  136612ms] [LOG] [Fast Refresh] done in 188ms @ http://localhost:8080/_next/static/chunks/node_modules_next_dist_0u_w_5s._.js:1226
[  136885ms] [INFO] %cDownload the React DevTools for a better development experience: https://react.dev/link/react-devtools font-weight:bold @ http://localhost:8080/_next/static/chunks/node_modules_next_dist_115brz8._.js:2477
[  136927ms] [LOG] [HMR] connected @ http://localhost:8080/_next/static/chunks/node_modules_next_dist_115brz8._.js:2477
[  137038ms] [LOG] [Fast Refresh] rebuilding @ http://localhost:8080/_next/static/chunks/node_modules_next_dist_115brz8._.js:2477
[  137047ms] [LOG] [Fast Refresh] done in 110ms @ http://localhost:8080/_next/static/chunks/node_modules_next_dist_115brz8._.js:2477
[  162294ms] [LOG] [Fast Refresh] rebuilding @ http://localhost:8080/_next/static/chunks/node_modules_next_dist_115brz8._.js:2477
[  162483ms] [LOG] [Fast Refresh] done in 264ms @ http://localhost:8080/_next/static/chunks/node_modules_next_dist_115brz8._.js:2477
[  162741ms] [INFO] %cDownload the React DevTools for a better development experience: https://react.dev/link/react-devtools font-weight:bold @ http://localhost:8080/_next/static/chunks/node_modules_next_dist_115brz8._.js:2477
[  162768ms] [LOG] [HMR] connected @ http://localhost:8080/_next/static/chunks/node_modules_next_dist_115brz8._.js:2477
[  187695ms] [LOG] [Fast Refresh] rebuilding @ http://localhost:8080/_next/static/chunks/node_modules_next_dist_115brz8._.js:2477
[  187724ms] [LOG] [Fast Refresh] done in 95ms @ http://localhost:8080/_next/static/chunks/node_modules_next_dist_115brz8._.js:2477
[  205923ms] [ERROR] WebSocket connection to 'ws://localhost:8080/_next/webpack-hmr?id=Y-TtivMYRpvtBNQz1z5DF' failed: Error in connection establishment: net::ERR_CONNECTION_REFUSED @ http://localhost:8080/_next/static/chunks/node_modules_next_dist_client_0fhqo1d._.js:13322
[  206924ms] [ERROR] WebSocket connection to 'ws://localhost:8080/_next/webpack-hmr?id=Y-TtivMYRpvtBNQz1z5DF' failed: Error in connection establishment: net::ERR_CONNECTION_REFUSED @ http://localhost:8080/_next/static/chunks/node_modules_next_dist_client_0fhqo1d._.js:13322
[  207926ms] [ERROR] WebSocket connection to 'ws://localhost:8080/_next/webpack-hmr?id=Y-TtivMYRpvtBNQz1z5DF' failed: Error in connection establishment: net::ERR_CONNECTION_REFUSED @ http://localhost:8080/_next/static/chunks/node_modules_next_dist_client_0fhqo1d._.js:13322
[  208927ms] [ERROR] WebSocket connection to 'ws://localhost:8080/_next/webpack-hmr?id=Y-TtivMYRpvtBNQz1z5DF' failed: Error in connection establishment: net::ERR_CONNECTION_REFUSED @ http://localhost:8080/_next/static/chunks/node_modules_next_dist_client_0fhqo1d._.js:13322
[  210087ms] [LOG] [HMR] connected @ http://localhost:8080/_next/static/chunks/node_modules_next_dist_115brz8._.js:2477
[  210636ms] [INFO] %cDownload the React DevTools for a better development experience: https://react.dev/link/react-devtools font-weight:bold @ http://localhost:8080/_next/static/chunks/node_modules_next_dist_115brz8._.js:2477
[  210674ms] [LOG] [HMR] connected @ http://localhost:8080/_next/static/chunks/node_modules_next_dist_115brz8._.js:2477
